c:\dev\winlib\winlib\winlib\x64\release\winlib.pdb
c:\dev\winlib\winlib\winlib\x64\release\winthread.obj
c:\dev\winlib\winlib\winlib\x64\release\winprocess.obj
c:\dev\winlib\winlib\winlib\x64\release\winhandle.obj
c:\dev\winlib\winlib\winlib\x64\release\vmt.obj
c:\dev\winlib\winlib\winlib\x64\release\processinformation.obj
c:\dev\winlib\winlib\winlib\x64\release\pefile.obj
c:\dev\winlib\winlib\winlib\x64\release\peanalyser.obj
c:\dev\winlib\winlib\winlib\x64\release\patternscanner.obj
c:\dev\winlib\winlib\winlib\x64\release\mmap.obj
c:\dev\winlib\winlib\winlib\x64\release\loadlibinjection.obj
c:\dev\winlib\winlib\winlib\x64\release\hook.obj
c:\dev\winlib\winlib\winlib\x64\release\handleinformation.obj
c:\dev\winlib\winlib\winlib\x64\release\detour.obj
c:\dev\winlib\winlib\winlib\x64\release\console.obj
c:\dev\winlib\winlib\x64\release\winlib.lib
c:\dev\winlib\winlib\winlib\x64\release\winlib.tlog\cl.command.1.tlog
c:\dev\winlib\winlib\winlib\x64\release\winlib.tlog\cl.read.1.tlog
c:\dev\winlib\winlib\winlib\x64\release\winlib.tlog\cl.write.1.tlog
c:\dev\winlib\winlib\winlib\x64\release\winlib.tlog\lib-link.10356.read.1.tlog
c:\dev\winlib\winlib\winlib\x64\release\winlib.tlog\lib-link.10356.write.1.tlog
c:\dev\winlib\winlib\winlib\x64\release\winlib.tlog\lib.command.1.tlog
