  Console.cpp
  Detour.cpp
  HandleInformation.cpp
  Hook.cpp
  LoadLibInjection.cpp
  MMap.cpp
MMap.cpp(157): warning C4101: 'address': unreferenced local variable
  PatternScanner.cpp
  PEAnalyser.cpp
PEAnalyser.cpp(20): warning C4244: 'argument': conversion from 'std::streamoff' to 'int', possible loss of data
  PEFile.cpp
PEFile.cpp(60): warning C4244: 'argument': conversion from 'std::streamoff' to 'int', possible loss of data
  ProcessInformation.cpp
  Vmt.cpp
  WinHandle.cpp
  WinProcess.cpp
  WinThread.cpp
  Generating Code...
  capstone.lib(AArch64BaseInfo.obj) : MSIL .netmodule or module compiled with /GL found; restarting link with /LTCG; add /LTCG to the link command line to improve linker performance
  WinLib.vcxproj -> C:\Dev\WinLib\WinLib\x64\Release\WinLib.lib
